Loading required package: methods
Loading required package: GenomeInfoDb
Loading required package: BiocGenerics
Loading required package: parallel

Attaching package: ‘BiocGenerics’

The following objects are masked from ‘package:parallel’:

    clusterApply, clusterApplyLB, clusterCall, clusterEvalQ,
    clusterExport, clusterMap, parApply, parCapply, parLapply,
    parLapplyLB, parRapply, parSapply, parSapplyLB

The following objects are masked from ‘package:stats’:

    IQR, mad, xtabs

The following objects are masked from ‘package:base’:

    anyDuplicated, append, as.data.frame, cbind, colnames, do.call,
    duplicated, eval, evalq, Filter, Find, get, grep, grepl, intersect,
    is.unsorted, lapply, lengths, Map, mapply, match, mget, order,
    paste, pmax, pmax.int, pmin, pmin.int, Position, rank, rbind,
    Reduce, rownames, sapply, setdiff, sort, table, tapply, union,
    unique, unsplit, which, which.max, which.min

Loading required package: S4Vectors
Loading required package: stats4

Attaching package: ‘S4Vectors’

The following objects are masked from ‘package:base’:

    colMeans, colSums, expand.grid, rowMeans, rowSums

Loading required package: IRanges
Loading required package: GenomicRanges
Loading required package: Biostrings
Loading required package: XVector
Loading required package: AnnotationDbi
Loading required package: Biobase
Welcome to Bioconductor

    Vignettes contain introductory material; view with
    'browseVignettes()'. To cite Bioconductor, see
    'citation("Biobase")', and for packages 'citation("pkgname")'.

Loading required package: SummarizedExperiment
Import genomic features from the file as a GRanges object ... OK
Prepare the 'metadata' data frame ... OK
Make the TxDb object ... OK
Warning messages:
1: RSQLite::dbGetPreparedQuery() is deprecated, please switch to DBI::dbGetQuery(params = bind.data). 
2: Named parameters not used in query: internal_chrom_id, chrom, length, is_circular 
3: Named parameters not used in query: internal_id, name, type, chrom, strand, start, end 
4: Named parameters not used in query: internal_id, name, chrom, strand, start, end 
5: Named parameters not used in query: internal_id, name, chrom, strand, start, end 
6: Named parameters not used in query: internal_tx_id, exon_rank, internal_exon_id, internal_cds_id 
7: Named parameters not used in query: gene_id, internal_tx_id 
Warning message:
In .Seqinfo.mergexy(x, y) :Warning message:

  Each of the 2 combined objects has sequence levels not in the other:
  - in 'x': chr1_GL456211_random, chr1_GL456221_random, chr4_GL456216_random, chr4_GL456350_random, chr4_JH584292_random, chr4_JH584293_random, chr4_JH584294_random, chr5_GL456354_random, chr5_JH584296_random, chr5_JH584297_random, chr5_JH584298_random, chr5_JH584299_random, chr7_GL456219_random, chrX_GL456233_random, chrUn_JH584304, 1|NT_113878.1, 1|NT_167207.1, 4|NT_113888.1, 7|NT_113901.1, 8|NT_113907.1, 8|NT_113909.1, 9|NT_113911.1, 9|NT_113915.1, 17|NT_113930.1, 17|NT_113943.1, 19|NT_113949.1, Un|NT_113889.1, Un|NT_113923.1, Un|NT_113961.1, Un|NT_167208.1, Un|NT_167209.1, Un|NT_167210.1, Un|NT_167212.1, Un|NT_167213.1, Un|NT_167214.1, Un|NT_167215.1, Un|NT_167216.1, Un|NT_167217.1, Un|NT_167218.1, Un|NT_167221.1, Un|NT_167222.1, Un|NT_167223.1, Un|NT_167230.1, Un|NT_167232.1, Un|NT_167235.1, Un|NT_167236.1, Un|NT_167238.1, Un|NT_167240.1
  - in 'y': MT, chrM
  Make sure to always combine/compare objects based on  [... truncated]
In .Seqinfo.mergexy(x, y) :Warning message:

  Each of the 2 combined objects has sequence levels not in the other:
  - in 'x': chr1_GL456211_random, chr1_GL456221_random, chr4_GL456216_random, chr4_GL456350_random, chr4_JH584292_random, chr4_JH584293_random, chr4_JH584294_random, chr5_GL456354_random, chr5_JH584296_random, chr5_JH584297_random, chr5_JH584298_random, chr5_JH584299_random, chr7_GL456219_random, chrX_GL456233_random, chrUn_JH584304, 1|NT_113878.1, 1|NT_167207.1, 4|NT_113888.1, 7|NT_113901.1, 8|NT_113907.1, 8|NT_113909.1, 9|NT_113911.1, 9|NT_113915.1, 17|NT_113930.1, 17|NT_113943.1, 19|NT_113949.1, Un|NT_113889.1, Un|NT_113923.1, Un|NT_113961.1, Un|NT_167208.1, Un|NT_167209.1, Un|NT_167210.1, Un|NT_167212.1, Un|NT_167213.1, Un|NT_167214.1, Un|NT_167215.1, Un|NT_167216.1, Un|NT_167217.1, Un|NT_167218.1, Un|NT_167221.1, Un|NT_167222.1, Un|NT_167223.1, Un|NT_167230.1, Un|NT_167232.1, Un|NT_167235.1, Un|NT_167236.1, Un|NT_167238.1, Un|NT_167240.1
  - in 'y': MT, chrM
  Make sure to always combine/compare objects based on  [... truncated]
In .Seqinfo.mergexy(x, y) :Warning message:

 In .Seqinfo.mergexy(x, y) :Warning message:
Warning message:
Warning message:
Warning message:
 Each of the 2 combined objects has sequence levels not in the other:
  - in 'x': chr1_GL456211_random, chr1_GL456221_random, chr4_GL456216_random, chr4_GL456350_random, chr4_JH584292_random, chr4_JH584293_random, chr4_JH584294_random, chr5_GL456354_random, chr5_JH584296_random, chr5_JH584297_random, chr5_JH584298_random, chr5_JH584299_random, chr7_GL456219_random, chrX_GL456233_random, chrUn_JH584304, 1|NT_113878.1, 1|NT_167207.1, 4|NT_113888.1, 7|NT_113901.1, 8|NT_113907.1, 8|NT_113909.1, 9|NT_113911.1, 9|NT_113915.1, 17|NT_113930.1, 17|NT_113943.1, 19|NT_113949.1, Un|NT_113889.1, Un|NT_113923.1, Un|NT_113961.1, Un|NT_167208.1, Un|NT_167209.1, Un|NT_167210.1, Un|NT_167212.1, Un|NT_167213.1, Un|NT_167214.1, Un|NT_167215.1, Un|NT_167216.1, Un|NT_167217.1, Un|NT_167218.1, Un|NT_167221.1, Un|NT_167222.1, Un|NT_167223.1, Un|NT_167230.1, Un|NT_167232.1, Un|NT_167235.1, Un|NT_167236.1, Un|NT_167238.1, Un|NT_167240.1
  - in 'y': MT, chrM
  Make sure to always combine/compare objects based on  [... truncated]

 In .Seqinfo.mergexy(x, y) :In .Seqinfo.mergexy(x, y) :In .Seqinfo.mergexy(x, y) :In .Seqinfo.mergexy(x, y) : Each of the 2 combined objects has sequence levels not in the other:
  - in 'x': chr1_GL456211_random, chr1_GL456221_random, chr4_GL456216_random, chr4_GL456350_random, chr4_JH584292_random, chr4_JH584293_random, chr4_JH584294_random, chr5_GL456354_random, chr5_JH584296_random, chr5_JH584297_random, chr5_JH584298_random, chr5_JH584299_random, chr7_GL456219_random, chrX_GL456233_random, chrUn_JH584304, 1|NT_113878.1, 1|NT_167207.1, 4|NT_113888.1, 7|NT_113901.1, 8|NT_113907.1, 8|NT_113909.1, 9|NT_113911.1, 9|NT_113915.1, 17|NT_113930.1, 17|NT_113943.1, 19|NT_113949.1, Un|NT_113889.1, Un|NT_113923.1, Un|NT_113961.1, Un|NT_167208.1, Un|NT_167209.1, Un|NT_167210.1, Un|NT_167212.1, Un|NT_167213.1, Un|NT_167214.1, Un|NT_167215.1, Un|NT_167216.1, Un|NT_167217.1, Un|NT_167218.1, Un|NT_167221.1, Un|NT_167222.1, Un|NT_167223.1, Un|NT_167230.1, Un|NT_167232.1, Un|NT_167235.1, Un|NT_167236.1, Un|NT_167238.1, Un|NT_167240.1
  - in 'y': MT, chrM
  Make sure to always combine/compare objects based on  [... truncated]

 
 
 
  Each of the 2 combined objects has sequence levels not in the other:
  - in 'x': chr1_GL456211_random, chr1_GL456221_random, chr4_GL456216_random, chr4_GL456350_random, chr4_JH584292_random, chr4_JH584293_random, chr4_JH584294_random, chr5_GL456354_random, chr5_JH584296_random, chr5_JH584297_random, chr5_JH584298_random, chr5_JH584299_random, chr7_GL456219_random, chrX_GL456233_random, chrUn_JH584304, 1|NT_113878.1, 1|NT_167207.1, 4|NT_113888.1, 7|NT_113901.1, 8|NT_113907.1, 8|NT_113909.1, 9|NT_113911.1, 9|NT_113915.1, 17|NT_113930.1, 17|NT_113943.1, 19|NT_113949.1, Un|NT_113889.1, Un|NT_113923.1, Un|NT_113961.1, Un|NT_167208.1, Un|NT_167209.1, Un|NT_167210.1, Un|NT_167212.1, Un|NT_167213.1, Un|NT_167214.1, Un|NT_167215.1, Un|NT_167216.1, Un|NT_167217.1, Un|NT_167218.1, Un|NT_167221.1, Un|NT_167222.1, Un|NT_167223.1, Un|NT_167230.1, Un|NT_167232.1, Un|NT_167235.1, Un|NT_167236.1, Un|NT_167238.1, Un|NT_167240.1
  - in 'y': MT, chrM
  Make sure to always combine/compare objects based on  [... truncated]
 Each of the 2 combined objects has sequence levels not in the other:
  - in 'x': chr1_GL456211_random, chr1_GL456221_random, chr4_GL456216_random, chr4_GL456350_random, chr4_JH584292_random, chr4_JH584293_random, chr4_JH584294_random, chr5_GL456354_random, chr5_JH584296_random, chr5_JH584297_random, chr5_JH584298_random, chr5_JH584299_random, chr7_GL456219_random, chrX_GL456233_random, chrUn_JH584304, 1|NT_113878.1, 1|NT_167207.1, 4|NT_113888.1, 7|NT_113901.1, 8|NT_113907.1, 8|NT_113909.1, 9|NT_113911.1, 9|NT_113915.1, 17|NT_113930.1, 17|NT_113943.1, 19|NT_113949.1, Un|NT_113889.1, Un|NT_113923.1, Un|NT_113961.1, Un|NT_167208.1, Un|NT_167209.1, Un|NT_167210.1, Un|NT_167212.1, Un|NT_167213.1, Un|NT_167214.1, Un|NT_167215.1, Un|NT_167216.1, Un|NT_167217.1, Un|NT_167218.1, Un|NT_167221.1, Un|NT_167222.1, Un|NT_167223.1, Un|NT_167230.1, Un|NT_167232.1, Un|NT_167235.1, Un|NT_167236.1, Un|NT_167238.1, Un|NT_167240.1
  - in 'y': MT, chrM
  Make sure to always combine/compare objects based on  [... truncated]
 Each of the 2 combined objects has sequence levels not in the other:
  - in 'x': chr1_GL456211_random, chr1_GL456221_random, chr4_GL456216_random, chr4_GL456350_random, chr4_JH584292_random, chr4_JH584293_random, chr4_JH584294_random, chr5_GL456354_random, chr5_JH584296_random, chr5_JH584297_random, chr5_JH584298_random, chr5_JH584299_random, chr7_GL456219_random, chrX_GL456233_random, chrUn_JH584304, 1|NT_113878.1, 1|NT_167207.1, 4|NT_113888.1, 7|NT_113901.1, 8|NT_113907.1, 8|NT_113909.1, 9|NT_113911.1, 9|NT_113915.1, 17|NT_113930.1, 17|NT_113943.1, 19|NT_113949.1, Un|NT_113889.1, Un|NT_113923.1, Un|NT_113961.1, Un|NT_167208.1, Un|NT_167209.1, Un|NT_167210.1, Un|NT_167212.1, Un|NT_167213.1, Un|NT_167214.1, Un|NT_167215.1, Un|NT_167216.1, Un|NT_167217.1, Un|NT_167218.1, Un|NT_167221.1, Un|NT_167222.1, Un|NT_167223.1, Un|NT_167230.1, Un|NT_167232.1, Un|NT_167235.1, Un|NT_167236.1, Un|NT_167238.1, Un|NT_167240.1
  - in 'y': MT, chrM
  Make sure to always combine/compare objects based on  [... truncated]
 Each of the 2 combined objects has sequence levels not in the other:
  - in 'x': chr1_GL456211_random, chr1_GL456221_random, chr4_GL456216_random, chr4_GL456350_random, chr4_JH584292_random, chr4_JH584293_random, chr4_JH584294_random, chr5_GL456354_random, chr5_JH584296_random, chr5_JH584297_random, chr5_JH584298_random, chr5_JH584299_random, chr7_GL456219_random, chrX_GL456233_random, chrUn_JH584304, 1|NT_113878.1, 1|NT_167207.1, 4|NT_113888.1, 7|NT_113901.1, 8|NT_113907.1, 8|NT_113909.1, 9|NT_113911.1, 9|NT_113915.1, 17|NT_113930.1, 17|NT_113943.1, 19|NT_113949.1, Un|NT_113889.1, Un|NT_113923.1, Un|NT_113961.1, Un|NT_167208.1, Un|NT_167209.1, Un|NT_167210.1, Un|NT_167212.1, Un|NT_167213.1, Un|NT_167214.1, Un|NT_167215.1, Un|NT_167216.1, Un|NT_167217.1, Un|NT_167218.1, Un|NT_167221.1, Un|NT_167222.1, Un|NT_167223.1, Un|NT_167230.1, Un|NT_167232.1, Un|NT_167235.1, Un|NT_167236.1, Un|NT_167238.1, Un|NT_167240.1
  - in 'y': MT, chrM
  Make sure to always combine/compare objects based on  [... truncated]
estimating size factors
estimating dispersions
gene-wise dispersion estimates
mean-dispersion relationship
final dispersion estimates
fitting model and testing
Loading required package: methods
Loading required package: GenomeInfoDb
Loading required package: BiocGenerics
Loading required package: parallel

Attaching package: ‘BiocGenerics’

The following objects are masked from ‘package:parallel’:

    clusterApply, clusterApplyLB, clusterCall, clusterEvalQ,
    clusterExport, clusterMap, parApply, parCapply, parLapply,
    parLapplyLB, parRapply, parSapply, parSapplyLB

The following objects are masked from ‘package:stats’:

    IQR, mad, xtabs

The following objects are masked from ‘package:base’:

    anyDuplicated, append, as.data.frame, cbind, colnames, do.call,
    duplicated, eval, evalq, Filter, Find, get, grep, grepl, intersect,
    is.unsorted, lapply, lengths, Map, mapply, match, mget, order,
    paste, pmax, pmax.int, pmin, pmin.int, Position, rank, rbind,
    Reduce, rownames, sapply, setdiff, sort, table, tapply, union,
    unique, unsplit, which, which.max, which.min

Loading required package: S4Vectors
Loading required package: stats4

Attaching package: ‘S4Vectors’

The following objects are masked from ‘package:base’:

    colMeans, colSums, expand.grid, rowMeans, rowSums

Loading required package: IRanges
Loading required package: GenomicRanges
Loading required package: Biostrings
Loading required package: XVector
Loading required package: AnnotationDbi
Loading required package: Biobase
Welcome to Bioconductor

    Vignettes contain introductory material; view with
    'browseVignettes()'. To cite Bioconductor, see
    'citation("Biobase")', and for packages 'citation("pkgname")'.

Loading required package: SummarizedExperiment
Import genomic features from the file as a GRanges object ... OK
Prepare the 'metadata' data frame ... OK
Make the TxDb object ... OK
Warning messages:
1: RSQLite::dbGetPreparedQuery() is deprecated, please switch to DBI::dbGetQuery(params = bind.data). 
2: Named parameters not used in query: internal_chrom_id, chrom, length, is_circular 
3: Named parameters not used in query: internal_id, name, type, chrom, strand, start, end 
4: Named parameters not used in query: internal_id, name, chrom, strand, start, end 
5: Named parameters not used in query: internal_id, name, chrom, strand, start, end 
6: Named parameters not used in query: internal_tx_id, exon_rank, internal_exon_id, internal_cds_id 
7: Named parameters not used in query: gene_id, internal_tx_id 
Warning message:
Warning message:
Warning message:
Warning message:
Warning message:
Warning message:
Warning message:
Warning message:
In .Seqinfo.mergexy(x, y) :In .Seqinfo.mergexy(x, y) :In .Seqinfo.mergexy(x, y) :In .Seqinfo.mergexy(x, y) :In .Seqinfo.mergexy(x, y) :In .Seqinfo.mergexy(x, y) :In .Seqinfo.mergexy(x, y) :In .Seqinfo.mergexy(x, y) :
 
 
 
 
 
 
  Each of the 2 combined objects has sequence levels not in the other:
  - in 'x': 1|NT_113878.1, 1|NT_167207.1, 4|NT_113888.1, 7|NT_113901.1, 8|NT_113907.1, 8|NT_113909.1, 9|NT_113911.1, 9|NT_113915.1, 17|NT_113930.1, 17|NT_113943.1, 19|NT_113949.1, Un|NT_113889.1, Un|NT_113923.1, Un|NT_113961.1, Un|NT_167208.1, Un|NT_167209.1, Un|NT_167210.1, Un|NT_167212.1, Un|NT_167213.1, Un|NT_167214.1, Un|NT_167215.1, Un|NT_167216.1, Un|NT_167217.1, Un|NT_167218.1, Un|NT_167221.1, Un|NT_167222.1, Un|NT_167223.1, Un|NT_167230.1, Un|NT_167232.1, Un|NT_167235.1, Un|NT_167236.1, Un|NT_167238.1, Un|NT_167240.1
  - in 'y': MT, chr1, chr10, chr11, chr12, chr13, chr14, chr15, chr16, chr17, chr18, chr19, chr2, chr3, chr4, chr5, chr6, chr7, chr8, chr9, chrM, chrX, chrY
  Make sure to always combine/compare objects based on the same reference
  genome (use suppressWarnings() to suppress this warning).

  Each of the 2 combined objects has sequence levels not in the other:
  - in 'x': 1|NT_113878.1, 1|NT_167207.1, 4|NT_113888.1, 7|NT_113901.1, 8|NT_113907.1, 8|NT_113909.1, 9|NT_113911.1, 9|NT_113915.1, 17|NT_113930.1, 17|NT_113943.1, 19|NT_113949.1, Un|NT_113889.1, Un|NT_113923.1, Un|NT_113961.1, Un|NT_167208.1, Un|NT_167209.1, Un|NT_167210.1, Un|NT_167212.1, Un|NT_167213.1, Un|NT_167214.1, Un|NT_167215.1, Un|NT_167216.1, Un|NT_167217.1, Un|NT_167218.1, Un|NT_167221.1, Un|NT_167222.1, Un|NT_167223.1, Un|NT_167230.1, Un|NT_167232.1, Un|NT_167235.1, Un|NT_167236.1, Un|NT_167238.1, Un|NT_167240.1
  - in 'y': MT, chr1, chr10, chr11, chr12, chr13, chr14, chr15, chr16, chr17, chr18, chr19, chr2, chr3, chr4, chr5, chr6, chr7, chr8, chr9, chrM, chrX, chrY
  Make sure to always combine/compare objects based on the same reference
  genome (use suppressWarnings() to suppress this warning).
 Each of the 2 combined objects has sequence levels not in the other:
  - in 'x': 1|NT_113878.1, 1|NT_167207.1, 4|NT_113888.1, 7|NT_113901.1, 8|NT_113907.1, 8|NT_113909.1, 9|NT_113911.1, 9|NT_113915.1, 17|NT_113930.1, 17|NT_113943.1, 19|NT_113949.1, Un|NT_113889.1, Un|NT_113923.1, Un|NT_113961.1, Un|NT_167208.1, Un|NT_167209.1, Un|NT_167210.1, Un|NT_167212.1, Un|NT_167213.1, Un|NT_167214.1, Un|NT_167215.1, Un|NT_167216.1, Un|NT_167217.1, Un|NT_167218.1, Un|NT_167221.1, Un|NT_167222.1, Un|NT_167223.1, Un|NT_167230.1, Un|NT_167232.1, Un|NT_167235.1, Un|NT_167236.1, Un|NT_167238.1, Un|NT_167240.1
  - in 'y': MT, chr1, chr10, chr11, chr12, chr13, chr14, chr15, chr16, chr17, chr18, chr19, chr2, chr3, chr4, chr5, chr6, chr7, chr8, chr9, chrM, chrX, chrY
  Make sure to always combine/compare objects based on the same reference
  genome (use suppressWarnings() to suppress this warning).
 Each of the 2 combined objects has sequence levels not in the other:
  - in 'x': 1|NT_113878.1, 1|NT_167207.1, 4|NT_113888.1, 7|NT_113901.1, 8|NT_113907.1, 8|NT_113909.1, 9|NT_113911.1, 9|NT_113915.1, 17|NT_113930.1, 17|NT_113943.1, 19|NT_113949.1, Un|NT_113889.1, Un|NT_113923.1, Un|NT_113961.1, Un|NT_167208.1, Un|NT_167209.1, Un|NT_167210.1, Un|NT_167212.1, Un|NT_167213.1, Un|NT_167214.1, Un|NT_167215.1, Un|NT_167216.1, Un|NT_167217.1, Un|NT_167218.1, Un|NT_167221.1, Un|NT_167222.1, Un|NT_167223.1, Un|NT_167230.1, Un|NT_167232.1, Un|NT_167235.1, Un|NT_167236.1, Un|NT_167238.1, Un|NT_167240.1
  - in 'y': MT, chr1, chr10, chr11, chr12, chr13, chr14, chr15, chr16, chr17, chr18, chr19, chr2, chr3, chr4, chr5, chr6, chr7, chr8, chr9, chrM, chrX, chrY
  Make sure to always combine/compare objects based on the same reference
  genome (use suppressWarnings() to suppress this warning).
 Each of the 2 combined objects has sequence levels not in the other:
  - in 'x': 1|NT_113878.1, 1|NT_167207.1, 4|NT_113888.1, 7|NT_113901.1, 8|NT_113907.1, 8|NT_113909.1, 9|NT_113911.1, 9|NT_113915.1, 17|NT_113930.1, 17|NT_113943.1, 19|NT_113949.1, Un|NT_113889.1, Un|NT_113923.1, Un|NT_113961.1, Un|NT_167208.1, Un|NT_167209.1, Un|NT_167210.1, Un|NT_167212.1, Un|NT_167213.1, Un|NT_167214.1, Un|NT_167215.1, Un|NT_167216.1, Un|NT_167217.1, Un|NT_167218.1, Un|NT_167221.1, Un|NT_167222.1, Un|NT_167223.1, Un|NT_167230.1, Un|NT_167232.1, Un|NT_167235.1, Un|NT_167236.1, Un|NT_167238.1, Un|NT_167240.1
  - in 'y': MT, chr1, chr10, chr11, chr12, chr13, chr14, chr15, chr16, chr17, chr18, chr19, chr2, chr3, chr4, chr5, chr6, chr7, chr8, chr9, chrM, chrX, chrY
  Make sure to always combine/compare objects based on the same reference
  genome (use suppressWarnings() to suppress this warning).
 Each of the 2 combined objects has sequence levels not in the other:
  - in 'x': 1|NT_113878.1, 1|NT_167207.1, 4|NT_113888.1, 7|NT_113901.1, 8|NT_113907.1, 8|NT_113909.1, 9|NT_113911.1, 9|NT_113915.1, 17|NT_113930.1, 17|NT_113943.1, 19|NT_113949.1, Un|NT_113889.1, Un|NT_113923.1, Un|NT_113961.1, Un|NT_167208.1, Un|NT_167209.1, Un|NT_167210.1, Un|NT_167212.1, Un|NT_167213.1, Un|NT_167214.1, Un|NT_167215.1, Un|NT_167216.1, Un|NT_167217.1, Un|NT_167218.1, Un|NT_167221.1, Un|NT_167222.1, Un|NT_167223.1, Un|NT_167230.1, Un|NT_167232.1, Un|NT_167235.1, Un|NT_167236.1, Un|NT_167238.1, Un|NT_167240.1
  - in 'y': MT, chr1, chr10, chr11, chr12, chr13, chr14, chr15, chr16, chr17, chr18, chr19, chr2, chr3, chr4, chr5, chr6, chr7, chr8, chr9, chrM, chrX, chrY
  Make sure to always combine/compare objects based on the same reference
  genome (use suppressWarnings() to suppress this warning).
 Each of the 2 combined objects has sequence levels not in the other:
  - in 'x': 1|NT_113878.1, 1|NT_167207.1, 4|NT_113888.1, 7|NT_113901.1, 8|NT_113907.1, 8|NT_113909.1, 9|NT_113911.1, 9|NT_113915.1, 17|NT_113930.1, 17|NT_113943.1, 19|NT_113949.1, Un|NT_113889.1, Un|NT_113923.1, Un|NT_113961.1, Un|NT_167208.1, Un|NT_167209.1, Un|NT_167210.1, Un|NT_167212.1, Un|NT_167213.1, Un|NT_167214.1, Un|NT_167215.1, Un|NT_167216.1, Un|NT_167217.1, Un|NT_167218.1, Un|NT_167221.1, Un|NT_167222.1, Un|NT_167223.1, Un|NT_167230.1, Un|NT_167232.1, Un|NT_167235.1, Un|NT_167236.1, Un|NT_167238.1, Un|NT_167240.1
  - in 'y': MT, chr1, chr10, chr11, chr12, chr13, chr14, chr15, chr16, chr17, chr18, chr19, chr2, chr3, chr4, chr5, chr6, chr7, chr8, chr9, chrM, chrX, chrY
  Make sure to always combine/compare objects based on the same reference
  genome (use suppressWarnings() to suppress this warning).
 Each of the 2 combined objects has sequence levels not in the other:
  - in 'x': 1|NT_113878.1, 1|NT_167207.1, 4|NT_113888.1, 7|NT_113901.1, 8|NT_113907.1, 8|NT_113909.1, 9|NT_113911.1, 9|NT_113915.1, 17|NT_113930.1, 17|NT_113943.1, 19|NT_113949.1, Un|NT_113889.1, Un|NT_113923.1, Un|NT_113961.1, Un|NT_167208.1, Un|NT_167209.1, Un|NT_167210.1, Un|NT_167212.1, Un|NT_167213.1, Un|NT_167214.1, Un|NT_167215.1, Un|NT_167216.1, Un|NT_167217.1, Un|NT_167218.1, Un|NT_167221.1, Un|NT_167222.1, Un|NT_167223.1, Un|NT_167230.1, Un|NT_167232.1, Un|NT_167235.1, Un|NT_167236.1, Un|NT_167238.1, Un|NT_167240.1
  - in 'y': MT, chr1, chr10, chr11, chr12, chr13, chr14, chr15, chr16, chr17, chr18, chr19, chr2, chr3, chr4, chr5, chr6, chr7, chr8, chr9, chrM, chrX, chrY
  Make sure to always combine/compare objects based on the same reference
  genome (use suppressWarnings() to suppress this warning).
Import genomic features from the file as a GRanges object ... OK
Prepare the 'metadata' data frame ... OK
Make the TxDb object ... OK
Warning messages:
1: Named parameters not used in query: internal_chrom_id, chrom, length, is_circular 
2: Named parameters not used in query: internal_id, name, type, chrom, strand, start, end 
3: Named parameters not used in query: internal_id, name, chrom, strand, start, end 
4: Named parameters not used in query: internal_id, name, chrom, strand, start, end 
5: Named parameters not used in query: internal_tx_id, exon_rank, internal_exon_id, internal_cds_id 
6: Named parameters not used in query: gene_id, internal_tx_id 
Warning message:
In .Seqinfo.mergexy(x, y) :Warning message:
Warning message:

 In .Seqinfo.mergexy(x, y) : Each of the 2 combined objects has sequence levels not in the other:
  - in 'x': chr1_GL456211_random, chr1_GL456221_random, chr4_GL456216_random, chr4_GL456350_random, chr4_JH584292_random, chr4_JH584293_random, chr4_JH584294_random, chr5_GL456354_random, chr5_JH584296_random, chr5_JH584297_random, chr5_JH584298_random, chr5_JH584299_random, chr7_GL456219_random, chrX_GL456233_random, chrUn_JH584304
  - in 'y': 1, 10, 11, 12, 13, 14, 15, 16, 17, 18, 19, 2, 20, 21, 22, 3, 4, 5, 6, 7, 8, 9, MT, X, Y, chrM
  Make sure to always combine/compare objects based on the same reference
  genome (use suppressWarnings() to suppress this warning).
In .Seqinfo.mergexy(x, y) :Warning message:
Warning message:
Warning message:
Warning message:
Warning message:

 
 In .Seqinfo.mergexy(x, y) :In .Seqinfo.mergexy(x, y) :In .Seqinfo.mergexy(x, y) :In .Seqinfo.mergexy(x, y) : Each of the 2 combined objects has sequence levels not in the other:
  - in 'x': chr1_GL456211_random, chr1_GL456221_random, chr4_GL456216_random, chr4_GL456350_random, chr4_JH584292_random, chr4_JH584293_random, chr4_JH584294_random, chr5_GL456354_random, chr5_JH584296_random, chr5_JH584297_random, chr5_JH584298_random, chr5_JH584299_random, chr7_GL456219_random, chrX_GL456233_random, chrUn_JH584304
  - in 'y': 1, 10, 11, 12, 13, 14, 15, 16, 17, 18, 19, 2, 20, 21, 22, 3, 4, 5, 6, 7, 8, 9, MT, X, Y, chrM
  Make sure to always combine/compare objects based on the same reference
  genome (use suppressWarnings() to suppress this warning).
 Each of the 2 combined objects has sequence levels not in the other:
  - in 'x': chr1_GL456211_random, chr1_GL456221_random, chr4_GL456216_random, chr4_GL456350_random, chr4_JH584292_random, chr4_JH584293_random, chr4_JH584294_random, chr5_GL456354_random, chr5_JH584296_random, chr5_JH584297_random, chr5_JH584298_random, chr5_JH584299_random, chr7_GL456219_random, chrX_GL456233_random, chrUn_JH584304
  - in 'y': 1, 10, 11, 12, 13, 14, 15, 16, 17, 18, 19, 2, 20, 21, 22, 3, 4, 5, 6, 7, 8, 9, MT, X, Y, chrM
  Make sure to always combine/compare objects based on the same reference
  genome (use suppressWarnings() to suppress this warning).
In .Seqinfo.mergexy(x, y) :
 
 
 
  Each of the 2 combined objects has sequence levels not in the other:
  - in 'x': chr1_GL456211_random, chr1_GL456221_random, chr4_GL456216_random, chr4_GL456350_random, chr4_JH584292_random, chr4_JH584293_random, chr4_JH584294_random, chr5_GL456354_random, chr5_JH584296_random, chr5_JH584297_random, chr5_JH584298_random, chr5_JH584299_random, chr7_GL456219_random, chrX_GL456233_random, chrUn_JH584304
  - in 'y': 1, 10, 11, 12, 13, 14, 15, 16, 17, 18, 19, 2, 20, 21, 22, 3, 4, 5, 6, 7, 8, 9, MT, X, Y, chrM
  Make sure to always combine/compare objects based on the same reference
  genome (use suppressWarnings() to suppress this warning).
 Each of the 2 combined objects has sequence levels not in the other:
  - in 'x': chr1_GL456211_random, chr1_GL456221_random, chr4_GL456216_random, chr4_GL456350_random, chr4_JH584292_random, chr4_JH584293_random, chr4_JH584294_random, chr5_GL456354_random, chr5_JH584296_random, chr5_JH584297_random, chr5_JH584298_random, chr5_JH584299_random, chr7_GL456219_random, chrX_GL456233_random, chrUn_JH584304
  - in 'y': 1, 10, 11, 12, 13, 14, 15, 16, 17, 18, 19, 2, 20, 21, 22, 3, 4, 5, 6, 7, 8, 9, MT, X, Y, chrM
  Make sure to always combine/compare objects based on the same reference
  genome (use suppressWarnings() to suppress this warning).

  Each of the 2 combined objects has sequence levels not in the other:
  - in 'x': chr1_GL456211_random, chr1_GL456221_random, chr4_GL456216_random, chr4_GL456350_random, chr4_JH584292_random, chr4_JH584293_random, chr4_JH584294_random, chr5_GL456354_random, chr5_JH584296_random, chr5_JH584297_random, chr5_JH584298_random, chr5_JH584299_random, chr7_GL456219_random, chrX_GL456233_random, chrUn_JH584304
  - in 'y': 1, 10, 11, 12, 13, 14, 15, 16, 17, 18, 19, 2, 20, 21, 22, 3, 4, 5, 6, 7, 8, 9, MT, X, Y, chrM
  Make sure to always combine/compare objects based on the same reference
  genome (use suppressWarnings() to suppress this warning).
 Each of the 2 combined objects has sequence levels not in the other:
  - in 'x': chr1_GL456211_random, chr1_GL456221_random, chr4_GL456216_random, chr4_GL456350_random, chr4_JH584292_random, chr4_JH584293_random, chr4_JH584294_random, chr5_GL456354_random, chr5_JH584296_random, chr5_JH584297_random, chr5_JH584298_random, chr5_JH584299_random, chr7_GL456219_random, chrX_GL456233_random, chrUn_JH584304
  - in 'y': 1, 10, 11, 12, 13, 14, 15, 16, 17, 18, 19, 2, 20, 21, 22, 3, 4, 5, 6, 7, 8, 9, MT, X, Y, chrM
  Make sure to always combine/compare objects based on the same reference
  genome (use suppressWarnings() to suppress this warning).
 Each of the 2 combined objects has sequence levels not in the other:
  - in 'x': chr1_GL456211_random, chr1_GL456221_random, chr4_GL456216_random, chr4_GL456350_random, chr4_JH584292_random, chr4_JH584293_random, chr4_JH584294_random, chr5_GL456354_random, chr5_JH584296_random, chr5_JH584297_random, chr5_JH584298_random, chr5_JH584299_random, chr7_GL456219_random, chrX_GL456233_random, chrUn_JH584304
  - in 'y': 1, 10, 11, 12, 13, 14, 15, 16, 17, 18, 19, 2, 20, 21, 22, 3, 4, 5, 6, 7, 8, 9, MT, X, Y, chrM
  Make sure to always combine/compare objects based on the same reference
  genome (use suppressWarnings() to suppress this warning).
Warning message:
In .Seqinfo.mergexy(x, y) :
  The 2 combined objects have no sequence levels in common. (Use
  suppressWarnings() to suppress this warning.)
estimating size factors
estimating dispersions
gene-wise dispersion estimates
mean-dispersion relationship
final dispersion estimates
fitting model and testing
